<?xml version="1.0" encoding="UTF-8"?>
<!-- Generated by org.testng.reporters.JUnitXMLReporter -->
<testsuite hostname="DESKTOP-MN0A3FR" ignored="0" name="Default test" tests="9" failures="0" timestamp="2023-08-28T12:24:13 IST" time="80.211" errors="0">
  <testcase name="TextBoxValidation" time="8.09" classname="toolQA.test.ElementPageTest"/>
  <testcase name="CheckBoxValidation" time="8.155" classname="toolQA.test.ElementPageTest"/>
  <testcase name="RadioButtonValidation" time="1.311" classname="toolQA.test.ElementPageTest"/>
  <testcase name="WebTablesValidation" time="6.29" classname="toolQA.test.ElementPageTest"/>
  <testcase name="ButtonValidation" time="3.096" classname="toolQA.test.ElementPageTest"/>
  <testcase name="LinkValidation" time="22.04" classname="toolQA.test.ElementPageTest"/>
  <testcase name="BrokenLinksAndImageVerification" time="2.035" classname="toolQA.test.ElementPageTest"/>
  <testcase name="UploadAndDownloadValidation" time="10.01" classname="toolQA.test.ElementPageTest"/>
  <testcase name="DynamicPropertiesValidation" time="16.028" classname="toolQA.test.ElementPageTest"/>
</testsuite> <!-- Default test -->
