<?xml version="1.0" encoding="UTF-8"?>
<!-- Generated by org.testng.reporters.JUnitXMLReporter -->
<testsuite ignored="0" hostname="DESKTOP-MN0A3FR" failures="0" tests="15" name="Test" time="160.656" errors="0" timestamp="2021-09-28T13:50:57 IST">
  <testcase classname="toolQA.test.ElementPageTest" name="TextBoxValidation" time="5.628"/>
  <testcase classname="toolQA.test.ElementPageTest" name="CheckBoxValidation" time="7.046"/>
  <testcase classname="toolQA.test.ElementPageTest" name="RadioButtonValidation" time="0.65"/>
  <testcase classname="toolQA.test.ElementPageTest" name="WebTablesValidation" time="3.256"/>
  <testcase classname="toolQA.test.ElementPageTest" name="ButtonValidation" time="2.736"/>
  <testcase classname="toolQA.test.ElementPageTest" name="LinkValidation" time="20.895"/>
  <testcase classname="toolQA.test.ElementPageTest" name="BrokenLinksAndImageVerification" time="1.299"/>
  <testcase classname="toolQA.test.ElementPageTest" name="UploadAndDownloadValidation" time="9.49"/>
  <testcase classname="toolQA.test.ElementPageTest" name="DynamicPropertiesValidation" time="15.495"/>
  <testcase classname="toolQA.test.FormsPageTest" name="PracticeFormValidation" time="14.982"/>
  <testcase classname="toolQA.test.AlertsFrameWindowsPageTest" name="BrowserWindowsValidation" time="29.179"/>
  <testcase classname="toolQA.test.AlertsFrameWindowsPageTest" name="AlertsValidationa" time="8.517"/>
  <testcase classname="toolQA.test.AlertsFrameWindowsPageTest" name="FramesValidation" time="6.639"/>
  <testcase classname="toolQA.test.AlertsFrameWindowsPageTest" name="NestedFramesValidation" time="2.607"/>
  <testcase classname="toolQA.test.AlertsFrameWindowsPageTest" name="ModalDialogValidation" time="6.663"/>
</testsuite> <!-- Test -->
