<?xml version="1.0" encoding="UTF-8"?>
<!-- Generated by org.testng.reporters.JUnitXMLReporter -->
<testsuite hostname="DESKTOP-MN0A3FR" ignored="0" name="Test" tests="7" failures="1" timestamp="2023-08-28T12:30:16 IST" time="141.277" errors="0">
  <testcase name="BrowserWindowsValidation" time="30.575" classname="toolQA.test.AlertsFrameWindowsPageTest"/>
  <testcase name="AlertsValidationa" time="9.828" classname="toolQA.test.AlertsFrameWindowsPageTest"/>
  <testcase name="FramesValidation" time="7.291" classname="toolQA.test.AlertsFrameWindowsPageTest"/>
  <testcase name="NestedFramesValidation" time="2.911" classname="toolQA.test.AlertsFrameWindowsPageTest"/>
  <testcase name="ModalDialogValidation" time="7.103" classname="toolQA.test.AlertsFrameWindowsPageTest"/>
  <testcase name="PracticeFormValidation" time="11.204" classname="toolQA.test.FormsPageTest">
    <failure type="org.openqa.selenium.ElementClickInterceptedException" message="element click intercepted: Element &amp;lt;div aria-hidden=&amp;quot;true&amp;quot; class=&amp;quot; css-tlfecz-indicatorContainer&amp;quot;&amp;gt;...&amp;lt;/div&amp;gt; is not clickable at point (787, 621). Other element would receive the click: &amp;lt;iframe frameborder=&amp;quot;0&amp;quot; src=&amp;quot;https://964aab930504a207afc0d1f407aef948.safeframe.googlesyndication.com/safeframe/1-0-40/html/container.html&amp;quot; id=&amp;quot;google_ads_iframe_/21849154601,22343295815/Ad.Plus-Anchor_0&amp;quot; title=&amp;quot;3rd party ad content&amp;quot; name=&amp;quot;&amp;quot; scrolling=&amp;quot;no&amp;quot; marginwidth=&amp;quot;0&amp;quot; marginheight=&amp;quot;0&amp;quot; width=&amp;quot;728&amp;quot; height=&amp;quot;90&amp;quot; data-is-safeframe=&amp;quot;true&amp;quot; sandbox=&amp;quot;allow-forms allow-popups allow-popups-to-escape-sandbox allow-same-origin allow-scripts allow-top-navigation-by-user-activation&amp;quot; role=&amp;quot;region&amp;quot; aria-label=&amp;quot;Advertisement&amp;quot; tabindex=&amp;quot;0&amp;quot; data-google-container-id=&amp;quot;1&amp;quot; style=&amp;quot;border: 0px; vertical-align: bottom;&amp;quot; data-load-complete=&amp;quot;true&amp;quot;&amp;gt;&amp;lt;/iframe&amp;gt;
  (Session info: chrome=116.0.5845.111)
Build info: version: &amp;apos;3.141.59&amp;apos;, revision: &amp;apos;e82be7d358&amp;apos;, time: &amp;apos;2018-11-14T08:17:03&amp;apos;
System info: host: &amp;apos;DESKTOP-MN0A3FR&amp;apos;, ip: &amp;apos;172.19.208.1&amp;apos;, os.name: &amp;apos;Windows 10&amp;apos;, os.arch: &amp;apos;amd64&amp;apos;, os.version: &amp;apos;10.0&amp;apos;, java.version: &amp;apos;1.8.0_281&amp;apos;
Driver info: org.openqa.selenium.chrome.ChromeDriver
Capabilities {acceptInsecureCerts: false, browserName: chrome, browserVersion: 116.0.5845.111, chrome: {chromedriverVersion: 116.0.5845.96 (1a3918166880..., userDataDir: C:\Users\rj\AppData\Local\T...}, fedcm:accounts: true, goog:chromeOptions: {debuggerAddress: localhost:59150}, javascriptEnabled: true, networkConnectionEnabled: false, pageLoadStrategy: normal, platform: WINDOWS, platformName: WINDOWS, proxy: Proxy(), setWindowRect: true, strictFileInteractability: false, timeouts: {implicit: 0, pageLoad: 300000, script: 30000}, unhandledPromptBehavior: dismiss and notify, webauthn:extension:credBlob: true, webauthn:extension:largeBlob: true, webauthn:extension:minPinLength: true, webauthn:extension:prf: true, webauthn:virtualAuthenticators: true}
Session ID: c18798f94cb6be6b817cb1d4231b44fa">
      <![CDATA[org.openqa.selenium.ElementClickInterceptedException: element click intercepted: Element <div aria-hidden="true" class=" css-tlfecz-indicatorContainer">...</div> is not clickable at point (787, 621). Other element would receive the click: <iframe frameborder="0" src="https://964aab930504a207afc0d1f407aef948.safeframe.googlesyndication.com/safeframe/1-0-40/html/container.html" id="google_ads_iframe_/21849154601,22343295815/Ad.Plus-Anchor_0" title="3rd party ad content" name="" scrolling="no" marginwidth="0" marginheight="0" width="728" height="90" data-is-safeframe="true" sandbox="allow-forms allow-popups allow-popups-to-escape-sandbox allow-same-origin allow-scripts allow-top-navigation-by-user-activation" role="region" aria-label="Advertisement" tabindex="0" data-google-container-id="1" style="border: 0px; vertical-align: bottom;" data-load-complete="true"></iframe>
  (Session info: chrome=116.0.5845.111)
Build info: version: '3.141.59', revision: 'e82be7d358', time: '2018-11-14T08:17:03'
System info: host: 'DESKTOP-MN0A3FR', ip: '172.19.208.1', os.name: 'Windows 10', os.arch: 'amd64', os.version: '10.0', java.version: '1.8.0_281'
Driver info: org.openqa.selenium.chrome.ChromeDriver
Capabilities {acceptInsecureCerts: false, browserName: chrome, browserVersion: 116.0.5845.111, chrome: {chromedriverVersion: 116.0.5845.96 (1a3918166880..., userDataDir: C:\Users\rj\AppData\Local\T...}, fedcm:accounts: true, goog:chromeOptions: {debuggerAddress: localhost:59150}, javascriptEnabled: true, networkConnectionEnabled: false, pageLoadStrategy: normal, platform: WINDOWS, platformName: WINDOWS, proxy: Proxy(), setWindowRect: true, strictFileInteractability: false, timeouts: {implicit: 0, pageLoad: 300000, script: 30000}, unhandledPromptBehavior: dismiss and notify, webauthn:extension:credBlob: true, webauthn:extension:largeBlob: true, webauthn:extension:minPinLength: true, webauthn:extension:prf: true, webauthn:virtualAuthenticators: true}
Session ID: c18798f94cb6be6b817cb1d4231b44fa
at org.openqa.selenium.remote.http.W3CHttpResponseCodec.createException(W3CHttpResponseCodec.java:187)
at org.openqa.selenium.remote.http.W3CHttpResponseCodec.decode(W3CHttpResponseCodec.java:122)
at org.openqa.selenium.remote.http.W3CHttpResponseCodec.decode(W3CHttpResponseCodec.java:49)
at org.openqa.selenium.remote.HttpCommandExecutor.execute(HttpCommandExecutor.java:158)
at org.openqa.selenium.remote.service.DriverCommandExecutor.execute(DriverCommandExecutor.java:83)
at org.openqa.selenium.remote.RemoteWebDriver.execute(RemoteWebDriver.java:552)
at org.openqa.selenium.remote.RemoteWebElement.execute(RemoteWebElement.java:285)
at org.openqa.selenium.remote.RemoteWebElement.click(RemoteWebElement.java:84)
at org.openqa.selenium.support.pagefactory.internal.LocatingElementHandler.invoke(LocatingElementHandler.java:51)
at com.sun.proxy.$Proxy12.click(Unknown Source)
at pages.ToolQA.FormsPage.PracticeForm(FormsPage.java:126)
at toolQA.test.FormsPageTest.PracticeFormValidation(FormsPageTest.java:41)
at java.util.ArrayList.forEach(ArrayList.java:1259)
... Removed 34 stack frames]]>
    </failure>
  </testcase> <!-- PracticeFormValidation -->
  <testcase name="Slider_Bar_test" time="35.064" classname="toolQA.test.WidgetsPageTest"/>
</testsuite> <!-- Test -->
