<?xml version="1.0" encoding="UTF-8"?>
<testng-results ignored="0" total="15" passed="14" failed="1" skipped="0">
  <reporter-output>
  </reporter-output>
  <suite started-at="2021-11-10T11:22:18 IST" name="Suite" finished-at="2021-11-10T11:24:52 IST" duration-ms="154244">
    <groups>
    </groups>
    <test started-at="2021-11-10T11:22:18 IST" name="Test" finished-at="2021-11-10T11:24:52 IST" duration-ms="154244">
      <class name="toolQA.test.AlertsFrameWindowsPageTest">
        <test-method is-config="true" signature="StartReport()[pri:0, instance:toolQA.test.AlertsFrameWindowsPageTest@7d64e326]" started-at="2021-11-10T11:23:47 IST" name="StartReport" finished-at="2021-11-10T11:23:54 IST" duration-ms="6731" status="PASS">
          <reporter-output>
          </reporter-output>
        </test-method> <!-- StartReport -->
        <test-method signature="BrowserWindowsValidation()[pri:1, instance:toolQA.test.AlertsFrameWindowsPageTest@7d64e326]" started-at="2021-11-10T11:23:54 IST" name="BrowserWindowsValidation" finished-at="2021-11-10T11:24:23 IST" duration-ms="29194" status="PASS">
          <reporter-output>
          </reporter-output>
        </test-method> <!-- BrowserWindowsValidation -->
        <test-method signature="AlertsValidationa()[pri:2, instance:toolQA.test.AlertsFrameWindowsPageTest@7d64e326]" started-at="2021-11-10T11:24:23 IST" name="AlertsValidationa" finished-at="2021-11-10T11:24:32 IST" duration-ms="8561" status="PASS">
          <reporter-output>
          </reporter-output>
        </test-method> <!-- AlertsValidationa -->
        <test-method signature="FramesValidation()[pri:3, instance:toolQA.test.AlertsFrameWindowsPageTest@7d64e326]" started-at="2021-11-10T11:24:32 IST" name="FramesValidation" finished-at="2021-11-10T11:24:38 IST" duration-ms="6537" status="PASS">
          <reporter-output>
          </reporter-output>
        </test-method> <!-- FramesValidation -->
        <test-method signature="NestedFramesValidation()[pri:4, instance:toolQA.test.AlertsFrameWindowsPageTest@7d64e326]" started-at="2021-11-10T11:24:38 IST" name="NestedFramesValidation" finished-at="2021-11-10T11:24:41 IST" duration-ms="2515" status="PASS">
          <reporter-output>
          </reporter-output>
        </test-method> <!-- NestedFramesValidation -->
        <test-method signature="ModalDialogValidation()[pri:5, instance:toolQA.test.AlertsFrameWindowsPageTest@7d64e326]" started-at="2021-11-10T11:24:41 IST" name="ModalDialogValidation" finished-at="2021-11-10T11:24:48 IST" duration-ms="6682" status="PASS">
          <reporter-output>
          </reporter-output>
        </test-method> <!-- ModalDialogValidation -->
        <test-method is-config="true" signature="EndReport()[pri:0, instance:toolQA.test.AlertsFrameWindowsPageTest@7d64e326]" started-at="2021-11-10T11:24:48 IST" name="EndReport" finished-at="2021-11-10T11:24:52 IST" duration-ms="4424" status="PASS">
          <reporter-output>
          </reporter-output>
        </test-method> <!-- EndReport -->
      </class> <!-- toolQA.test.AlertsFrameWindowsPageTest -->
      <class name="toolQA.test.FormsPageTest">
        <test-method is-config="true" signature="StartReport()[pri:0, instance:toolQA.test.FormsPageTest@73a2e526]" started-at="2021-11-10T11:23:36 IST" name="StartReport" finished-at="2021-11-10T11:23:43 IST" duration-ms="7030" status="PASS">
          <reporter-output>
          </reporter-output>
        </test-method> <!-- StartReport -->
        <test-method signature="PracticeFormValidation()[pri:1, instance:toolQA.test.FormsPageTest@73a2e526]" started-at="2021-11-10T11:23:43 IST" name="PracticeFormValidation" finished-at="2021-11-10T11:23:46 IST" duration-ms="3349" status="FAIL">
          <exception class="org.openqa.selenium.ElementClickInterceptedException">
            <message>
              <![CDATA[element click intercepted: Element <span class="text">...</span> is not clickable at point (134, 357). Other element would receive the click: <div class="header-text">...</div>
  (Session info: chrome=95.0.4638.69)
Build info: version: '3.141.59', revision: 'e82be7d358', time: '2018-11-14T08:17:03'
System info: host: 'DESKTOP-MN0A3FR', ip: '192.168.29.188', os.name: 'Windows 10', os.arch: 'amd64', os.version: '10.0', java.version: '16.0.1'
Driver info: org.openqa.selenium.chrome.ChromeDriver
Capabilities {acceptInsecureCerts: false, browserName: chrome, browserVersion: 95.0.4638.69, chrome: {chromedriverVersion: 95.0.4638.69 (6a1600ed572fe..., userDataDir: C:\Users\rj\AppData\Local\T...}, goog:chromeOptions: {debuggerAddress: localhost:55775}, javascriptEnabled: true, networkConnectionEnabled: false, pageLoadStrategy: normal, platform: WINDOWS, platformName: WINDOWS, proxy: Proxy(), setWindowRect: true, strictFileInteractability: false, timeouts: {implicit: 0, pageLoad: 300000, script: 30000}, unhandledPromptBehavior: dismiss and notify, webauthn:extension:credBlob: true, webauthn:extension:largeBlob: true, webauthn:virtualAuthenticators: true}
Session ID: 9e5f20b0909fa79c9a378d1134b6f629]]>
            </message>
            <full-stacktrace>
              <![CDATA[org.openqa.selenium.ElementClickInterceptedException: element click intercepted: Element <span class="text">...</span> is not clickable at point (134, 357). Other element would receive the click: <div class="header-text">...</div>
  (Session info: chrome=95.0.4638.69)
Build info: version: '3.141.59', revision: 'e82be7d358', time: '2018-11-14T08:17:03'
System info: host: 'DESKTOP-MN0A3FR', ip: '192.168.29.188', os.name: 'Windows 10', os.arch: 'amd64', os.version: '10.0', java.version: '16.0.1'
Driver info: org.openqa.selenium.chrome.ChromeDriver
Capabilities {acceptInsecureCerts: false, browserName: chrome, browserVersion: 95.0.4638.69, chrome: {chromedriverVersion: 95.0.4638.69 (6a1600ed572fe..., userDataDir: C:\Users\rj\AppData\Local\T...}, goog:chromeOptions: {debuggerAddress: localhost:55775}, javascriptEnabled: true, networkConnectionEnabled: false, pageLoadStrategy: normal, platform: WINDOWS, platformName: WINDOWS, proxy: Proxy(), setWindowRect: true, strictFileInteractability: false, timeouts: {implicit: 0, pageLoad: 300000, script: 30000}, unhandledPromptBehavior: dismiss and notify, webauthn:extension:credBlob: true, webauthn:extension:largeBlob: true, webauthn:virtualAuthenticators: true}
Session ID: 9e5f20b0909fa79c9a378d1134b6f629
at java.base/jdk.internal.reflect.NativeConstructorAccessorImpl.newInstance0(Native Method)
at java.base/jdk.internal.reflect.NativeConstructorAccessorImpl.newInstance(NativeConstructorAccessorImpl.java:78)
at java.base/jdk.internal.reflect.DelegatingConstructorAccessorImpl.newInstance(DelegatingConstructorAccessorImpl.java:45)
at java.base/java.lang.reflect.Constructor.newInstanceWithCaller(Constructor.java:499)
at java.base/java.lang.reflect.Constructor.newInstance(Constructor.java:480)
at org.openqa.selenium.remote.http.W3CHttpResponseCodec.createException(W3CHttpResponseCodec.java:187)
at org.openqa.selenium.remote.http.W3CHttpResponseCodec.decode(W3CHttpResponseCodec.java:122)
at org.openqa.selenium.remote.http.W3CHttpResponseCodec.decode(W3CHttpResponseCodec.java:49)
at org.openqa.selenium.remote.HttpCommandExecutor.execute(HttpCommandExecutor.java:158)
at org.openqa.selenium.remote.service.DriverCommandExecutor.execute(DriverCommandExecutor.java:83)
at org.openqa.selenium.remote.RemoteWebDriver.execute(RemoteWebDriver.java:552)
at org.openqa.selenium.remote.RemoteWebElement.execute(RemoteWebElement.java:285)
at org.openqa.selenium.remote.RemoteWebElement.click(RemoteWebElement.java:84)
at jdk.internal.reflect.GeneratedMethodAccessor24.invoke(Unknown Source)
at java.base/jdk.internal.reflect.DelegatingMethodAccessorImpl.invoke(DelegatingMethodAccessorImpl.java:43)
at java.base/java.lang.reflect.Method.invoke(Method.java:567)
at org.openqa.selenium.support.pagefactory.internal.LocatingElementHandler.invoke(LocatingElementHandler.java:51)
at jdk.proxy2/jdk.proxy2.$Proxy13.click(Unknown Source)
at pages.ToolQA.FormsPage.PracticeForm(FormsPage.java:89)
at toolQA.test.FormsPageTest.PracticeFormValidation(FormsPageTest.java:41)
at java.base/jdk.internal.reflect.NativeMethodAccessorImpl.invoke0(Native Method)
at java.base/jdk.internal.reflect.NativeMethodAccessorImpl.invoke(NativeMethodAccessorImpl.java:78)
at java.base/jdk.internal.reflect.DelegatingMethodAccessorImpl.invoke(DelegatingMethodAccessorImpl.java:43)
at java.base/java.lang.reflect.Method.invoke(Method.java:567)
at org.testng.internal.MethodInvocationHelper.invokeMethod(MethodInvocationHelper.java:133)
at org.testng.internal.TestInvoker.invokeMethod(TestInvoker.java:598)
at org.testng.internal.TestInvoker.invokeTestMethod(TestInvoker.java:173)
at org.testng.internal.MethodRunner.runInSequence(MethodRunner.java:46)
at org.testng.internal.TestInvoker$MethodInvocationAgent.invoke(TestInvoker.java:824)
at org.testng.internal.TestInvoker.invokeTestMethods(TestInvoker.java:146)
at org.testng.internal.TestMethodWorker.invokeTestMethods(TestMethodWorker.java:146)
at org.testng.internal.TestMethodWorker.run(TestMethodWorker.java:128)
at java.base/java.util.ArrayList.forEach(ArrayList.java:1511)
at org.testng.TestRunner.privateRun(TestRunner.java:794)
at org.testng.TestRunner.run(TestRunner.java:596)
at org.testng.SuiteRunner.runTest(SuiteRunner.java:377)
at org.testng.SuiteRunner.runSequentially(SuiteRunner.java:371)
at org.testng.SuiteRunner.privateRun(SuiteRunner.java:332)
at org.testng.SuiteRunner.run(SuiteRunner.java:276)
at org.testng.SuiteRunnerWorker.runSuite(SuiteRunnerWorker.java:53)
at org.testng.SuiteRunnerWorker.run(SuiteRunnerWorker.java:96)
at org.testng.TestNG.runSuitesSequentially(TestNG.java:1212)
at org.testng.TestNG.runSuitesLocally(TestNG.java:1134)
at org.testng.TestNG.runSuites(TestNG.java:1063)
at org.testng.TestNG.run(TestNG.java:1031)
at org.testng.remote.AbstractRemoteTestNG.run(AbstractRemoteTestNG.java:115)
at org.testng.remote.RemoteTestNG.initAndRun(RemoteTestNG.java:251)
at org.testng.remote.RemoteTestNG.main(RemoteTestNG.java:77)
]]>
            </full-stacktrace>
          </exception> <!-- org.openqa.selenium.ElementClickInterceptedException -->
          <reporter-output>
          </reporter-output>
        </test-method> <!-- PracticeFormValidation -->
        <test-method is-config="true" signature="EndReport()[pri:0, instance:toolQA.test.FormsPageTest@73a2e526]" started-at="2021-11-10T11:23:47 IST" name="EndReport" finished-at="2021-11-10T11:23:47 IST" duration-ms="300" status="PASS">
          <reporter-output>
          </reporter-output>
        </test-method> <!-- EndReport -->
      </class> <!-- toolQA.test.FormsPageTest -->
      <class name="toolQA.test.ElementPageTest">
        <test-method is-config="true" signature="StartReport()[pri:0, instance:toolQA.test.ElementPageTest@3e30646a]" started-at="2021-11-10T11:22:18 IST" name="StartReport" finished-at="2021-11-10T11:22:28 IST" duration-ms="10085" status="PASS">
          <reporter-output>
          </reporter-output>
        </test-method> <!-- StartReport -->
        <test-method signature="TextBoxValidation()[pri:1, instance:toolQA.test.ElementPageTest@3e30646a]" started-at="2021-11-10T11:22:28 IST" name="TextBoxValidation" finished-at="2021-11-10T11:22:34 IST" duration-ms="5463" status="PASS">
          <reporter-output>
          </reporter-output>
        </test-method> <!-- TextBoxValidation -->
        <test-method signature="CheckBoxValidation()[pri:2, instance:toolQA.test.ElementPageTest@3e30646a]" started-at="2021-11-10T11:22:34 IST" name="CheckBoxValidation" finished-at="2021-11-10T11:22:41 IST" duration-ms="7000" status="PASS">
          <reporter-output>
          </reporter-output>
        </test-method> <!-- CheckBoxValidation -->
        <test-method signature="RadioButtonValidation()[pri:3, instance:toolQA.test.ElementPageTest@3e30646a]" started-at="2021-11-10T11:22:41 IST" name="RadioButtonValidation" finished-at="2021-11-10T11:22:42 IST" duration-ms="590" status="PASS">
          <reporter-output>
          </reporter-output>
        </test-method> <!-- RadioButtonValidation -->
        <test-method signature="WebTablesValidation()[pri:4, instance:toolQA.test.ElementPageTest@3e30646a]" started-at="2021-11-10T11:22:42 IST" name="WebTablesValidation" finished-at="2021-11-10T11:22:45 IST" duration-ms="3163" status="PASS">
          <reporter-output>
          </reporter-output>
        </test-method> <!-- WebTablesValidation -->
        <test-method signature="ButtonValidation()[pri:5, instance:toolQA.test.ElementPageTest@3e30646a]" started-at="2021-11-10T11:22:45 IST" name="ButtonValidation" finished-at="2021-11-10T11:22:48 IST" duration-ms="2782" status="PASS">
          <reporter-output>
          </reporter-output>
        </test-method> <!-- ButtonValidation -->
        <test-method signature="LinkValidation()[pri:6, instance:toolQA.test.ElementPageTest@3e30646a]" started-at="2021-11-10T11:22:48 IST" name="LinkValidation" finished-at="2021-11-10T11:23:09 IST" duration-ms="20864" status="PASS">
          <reporter-output>
          </reporter-output>
        </test-method> <!-- LinkValidation -->
        <test-method signature="BrokenLinksAndImageVerification()[pri:7, instance:toolQA.test.ElementPageTest@3e30646a]" started-at="2021-11-10T11:23:09 IST" name="BrokenLinksAndImageVerification" finished-at="2021-11-10T11:23:10 IST" duration-ms="1235" status="PASS">
          <reporter-output>
          </reporter-output>
        </test-method> <!-- BrokenLinksAndImageVerification -->
        <test-method signature="UploadAndDownloadValidation()[pri:8, instance:toolQA.test.ElementPageTest@3e30646a]" started-at="2021-11-10T11:23:10 IST" name="UploadAndDownloadValidation" finished-at="2021-11-10T11:23:20 IST" duration-ms="9555" status="PASS">
          <reporter-output>
          </reporter-output>
        </test-method> <!-- UploadAndDownloadValidation -->
        <test-method signature="DynamicPropertiesValidation()[pri:9, instance:toolQA.test.ElementPageTest@3e30646a]" started-at="2021-11-10T11:23:20 IST" name="DynamicPropertiesValidation" finished-at="2021-11-10T11:23:36 IST" duration-ms="15484" status="PASS">
          <reporter-output>
          </reporter-output>
        </test-method> <!-- DynamicPropertiesValidation -->
        <test-method is-config="true" signature="EndReport()[pri:0, instance:toolQA.test.ElementPageTest@3e30646a]" started-at="2021-11-10T11:23:36 IST" name="EndReport" finished-at="2021-11-10T11:23:36 IST" duration-ms="424" status="PASS">
          <reporter-output>
          </reporter-output>
        </test-method> <!-- EndReport -->
      </class> <!-- toolQA.test.ElementPageTest -->
    </test> <!-- Test -->
  </suite> <!-- Suite -->
</testng-results>
