<?xml version="1.0" encoding="UTF-8"?>
<testng-results skipped="0" failed="0" ignored="0" total="9" passed="9">
  <reporter-output>
  </reporter-output>
  <suite name="Default suite" duration-ms="80211" started-at="2023-08-28T12:22:53 IST" finished-at="2023-08-28T12:24:13 IST">
    <groups>
    </groups>
    <test name="Default test" duration-ms="80211" started-at="2023-08-28T12:22:53 IST" finished-at="2023-08-28T12:24:13 IST">
      <class name="toolQA.test.ElementPageTest">
        <test-method status="PASS" signature="setup()[pri:0, instance:toolQA.test.ElementPageTest@5b94b04d]" name="setup" is-config="true" duration-ms="13442" started-at="2023-08-28T12:22:39 IST" finished-at="2023-08-28T12:22:53 IST">
          <reporter-output>
          </reporter-output>
        </test-method> <!-- setup -->
        <test-method status="PASS" signature="StartReport()[pri:0, instance:toolQA.test.ElementPageTest@5b94b04d]" name="StartReport" is-config="true" duration-ms="583" started-at="2023-08-28T12:22:53 IST" finished-at="2023-08-28T12:22:53 IST">
          <reporter-output>
          </reporter-output>
        </test-method> <!-- StartReport -->
        <test-method status="PASS" signature="TextBoxValidation()[pri:1, instance:toolQA.test.ElementPageTest@5b94b04d]" name="TextBoxValidation" duration-ms="8090" started-at="2023-08-28T12:22:53 IST" finished-at="2023-08-28T12:23:01 IST">
          <reporter-output>
          </reporter-output>
        </test-method> <!-- TextBoxValidation -->
        <test-method status="PASS" signature="CheckBoxValidation()[pri:2, instance:toolQA.test.ElementPageTest@5b94b04d]" name="CheckBoxValidation" duration-ms="8155" started-at="2023-08-28T12:23:02 IST" finished-at="2023-08-28T12:23:11 IST">
          <reporter-output>
          </reporter-output>
        </test-method> <!-- CheckBoxValidation -->
        <test-method status="PASS" signature="RadioButtonValidation()[pri:3, instance:toolQA.test.ElementPageTest@5b94b04d]" name="RadioButtonValidation" duration-ms="1311" started-at="2023-08-28T12:23:11 IST" finished-at="2023-08-28T12:23:12 IST">
          <reporter-output>
          </reporter-output>
        </test-method> <!-- RadioButtonValidation -->
        <test-method status="PASS" signature="WebTablesValidation()[pri:4, instance:toolQA.test.ElementPageTest@5b94b04d]" name="WebTablesValidation" duration-ms="6290" started-at="2023-08-28T12:23:12 IST" finished-at="2023-08-28T12:23:19 IST">
          <reporter-output>
          </reporter-output>
        </test-method> <!-- WebTablesValidation -->
        <test-method status="PASS" signature="ButtonValidation()[pri:5, instance:toolQA.test.ElementPageTest@5b94b04d]" name="ButtonValidation" duration-ms="3096" started-at="2023-08-28T12:23:19 IST" finished-at="2023-08-28T12:23:22 IST">
          <reporter-output>
          </reporter-output>
        </test-method> <!-- ButtonValidation -->
        <test-method status="PASS" signature="LinkValidation()[pri:6, instance:toolQA.test.ElementPageTest@5b94b04d]" name="LinkValidation" duration-ms="22040" started-at="2023-08-28T12:23:22 IST" finished-at="2023-08-28T12:23:44 IST">
          <reporter-output>
          </reporter-output>
        </test-method> <!-- LinkValidation -->
        <test-method status="PASS" signature="BrokenLinksAndImageVerification()[pri:7, instance:toolQA.test.ElementPageTest@5b94b04d]" name="BrokenLinksAndImageVerification" duration-ms="2035" started-at="2023-08-28T12:23:44 IST" finished-at="2023-08-28T12:23:46 IST">
          <reporter-output>
          </reporter-output>
        </test-method> <!-- BrokenLinksAndImageVerification -->
        <test-method status="PASS" signature="UploadAndDownloadValidation()[pri:8, instance:toolQA.test.ElementPageTest@5b94b04d]" name="UploadAndDownloadValidation" duration-ms="10010" started-at="2023-08-28T12:23:46 IST" finished-at="2023-08-28T12:23:56 IST">
          <reporter-output>
          </reporter-output>
        </test-method> <!-- UploadAndDownloadValidation -->
        <test-method status="PASS" signature="DynamicPropertiesValidation()[pri:9, instance:toolQA.test.ElementPageTest@5b94b04d]" name="DynamicPropertiesValidation" duration-ms="16028" started-at="2023-08-28T12:23:57 IST" finished-at="2023-08-28T12:24:13 IST">
          <reporter-output>
          </reporter-output>
        </test-method> <!-- DynamicPropertiesValidation -->
        <test-method status="PASS" signature="EndReport()[pri:0, instance:toolQA.test.ElementPageTest@5b94b04d]" name="EndReport" is-config="true" duration-ms="163" started-at="2023-08-28T12:24:13 IST" finished-at="2023-08-28T12:24:13 IST">
          <reporter-output>
          </reporter-output>
        </test-method> <!-- EndReport -->
        <test-method status="PASS" signature="teardown()[pri:0, instance:toolQA.test.ElementPageTest@5b94b04d]" name="teardown" is-config="true" duration-ms="701" started-at="2023-08-28T12:24:13 IST" finished-at="2023-08-28T12:24:14 IST">
          <reporter-output>
          </reporter-output>
        </test-method> <!-- teardown -->
      </class> <!-- toolQA.test.ElementPageTest -->
    </test> <!-- Default test -->
  </suite> <!-- Default suite -->
</testng-results>
